Buy 0053, price 24.64
Buy 0053, price 24.46
Buy 0053, price 25.31
Sell 0053, price 31.12
Sell 0053, price 30.7
Sell 0053, price 31.08
Buy 0053, price 30.85
Buy 0053, price 30.6
Buy 0053, price 30.54
Buy 0053, price 29.59
Buy 0053, price 29.5
Sell 0053, price 30.47
Sell 0053, price 30.35
Sell 0053, price 30.75
Sell 0053, price 30.64
Sell 0053, price 31.0
Buy 0051, price 23.18
Buy 0051, price 23.1
Sell 0051, price 25.84
Sell 0051, price 26.24
Buy 0051, price 26.69
Buy 0051, price 25.69
Buy 0051, price 25.66
Buy 0051, price 27.72
Sell 0051, price 27.72
Sell 0051, price 25.35
Sell 0051, price 26.91
Sell 0051, price 27.38
Buy 0050, price 57.55
Buy 0050, price 59.65
Sell 0050, price 71.85
Sell 0050, price 70.4
Buy 0050, price 71.0
Buy 0050, price 71.45
Hold 0050: 2, sell price 73.5
Buy 0056, price 20.77
Buy 0056, price 22.0
Buy 0056, price 20.81
Sell 0056, price 23.94
Sell 0056, price 24.2
Buy 0056, price 22.85
Sell 0056, price 23.93
Sell 0056, price 24.48
Buy 0055, price 11.54
Buy 0055, price 12.1
Sell 0055, price 13.33
Sell 0055, price 13.11
Buy 0055, price 13.87
Sell 0055, price 14.34
Buy 3519, price 20.45
Sell 3519, price 21.5
Buy 3519, price 18.3
Buy 3519, price 17.75
Buy 3519, price 17.75
Buy 3519, price 15.4
Sell 3519, price 17.35
Sell 3519, price 17.15
Sell 3519, price 18.6
Sell 3519, price 17.8
Buy 3518, price 34.8
Buy 3518, price 28.05
Buy 3518, price 26.55
Buy 3518, price 26.1
Buy 3518, price 20.9
Sell 3518, price 25.05
Sell 3518, price 23.45
Sell 3518, price 25.25
Sell 3518, price 24.8
Buy 3518, price 23.8
Buy 3518, price 22.3
Buy 3518, price 22.45
Sell 3518, price 24.65
Sell 3518, price 23.7
Hold 3518: 2, sell price 24.5
Buy 8016, price 87.3
Buy 8016, price 87.6
Buy 8016, price 85.0
Buy 8016, price 90.0
Buy 8016, price 92.8
Sell 8016, price 105.0
Sell 8016, price 101.5
Buy 8016, price 103.0
Buy 8016, price 101.5
Sell 8016, price 111.5
Sell 8016, price 117.0
Buy 8016, price 102.0
Buy 8016, price 94.5
Hold 8016: 5, sell price 98.5
Buy 8011, price 18.0
Buy 8011, price 16.85
Buy 8011, price 16.05
Buy 8011, price 15.9
Buy 8011, price 15.2
Sell 8011, price 19.2
Sell 8011, price 18.5
Buy 8011, price 17.25
Sell 8011, price 20.3
Sell 8011, price 19.75
Sell 8011, price 19.9
Sell 8011, price 19.2
Buy 8011, price 17.0
Sell 8011, price 19.5
Buy 2308, price 139.5
Sell 2308, price 150.0
Buy 2308, price 169.5
Buy 2308, price 164.5
Buy 2308, price 160.5
Sell 2308, price 169.5
Sell 2308, price 168.0
Sell 2308, price 170.5
Buy 2301, price 31.6
Buy 2301, price 30.85
Sell 2301, price 34.9
Sell 2301, price 35.05
Buy 2301, price 46.95
Buy 2301, price 46.75
Buy 2301, price 45.65
Buy 2301, price 45.95
Buy 2301, price 45.35
Buy 2301, price 45.05
Buy 2301, price 46.25
Sell 2301, price 48.95
Sell 2301, price 49.1
Buy 2301, price 48.45
Buy 2301, price 49.05
Sell 2301, price 52.9
Sell 2301, price 52.1
Hold 2301: 5, sell price 51.3
Buy 2303, price 11.25
Buy 2303, price 12.9
Buy 2303, price 12.7
Buy 2303, price 11.55
Buy 2303, price 11.95
Buy 2303, price 11.85
Buy 2303, price 11.4
Buy 2303, price 11.45
Buy 2303, price 11.4
Sell 2303, price 11.6
Sell 2303, price 11.65
Hold 2303: 7, sell price 11.75
Buy 2302, price 5.53
Sell 2302, price 6.37
Buy 2302, price 5.63
Sell 2302, price 6.19
Buy 2302, price 6.1
Buy 2302, price 6.21
Sell 2302, price 6.75
Sell 2302, price 6.65
Buy 2305, price 5.0
Buy 2305, price 4.95
Sell 2305, price 6.41
Sell 2305, price 6.24
Buy 2305, price 9.36
Buy 2305, price 8.11
Sell 2305, price 8.65
Sell 2305, price 8.6
Buy 3622, price 10.75
Buy 3622, price 9.84
Sell 3622, price 11.2
Sell 3622, price 12.5
Buy 3622, price 12.35
Sell 3622, price 13.8
Buy 4722, price 33.45
Sell 4722, price 35.45
Buy 4722, price 35.85
Buy 4722, price 34.3
Buy 4722, price 33.75
Sell 4722, price 34.4
Sell 4722, price 34.3
Sell 4722, price 34.9
Buy 04927P, price 0.21
Sell 04927P, price 1.53
Buy 04927P, price 0.38
Hold 04927P: 1, sell price 0.01
Buy 6216, price 25.8
Buy 6216, price 25.7
Sell 6216, price 28.1
Sell 6216, price 28.45
Buy 6216, price 29.45
Sell 6216, price 30.5
Buy 6216, price 29.0
Sell 6216, price 30.25
Buy 6215, price 12.25
Buy 6215, price 10.